<?xml version="1.0" encoding="UTF-8"?>
<!-- Generated by org.testng.reporters.JUnitReportReporter -->
<testsuite hostname="Priya" failures="0" tests="2" name="TestNG1.Bajaj_Bike_TestNG" time="28.338" errors="0" timestamp="2024-07-11T11:39:04 IST" skipped="0">
  <testcase classname="TestNG1.Bajaj_Bike_TestNG" name="Bajaj" time="12.815"/>
  <testcase classname="TestNG1.Bajaj_Bike_TestNG" name="Bajaj" time="15.523"/>
</testsuite> <!-- TestNG1.Bajaj_Bike_TestNG -->
