<?xml version="1.0" encoding="UTF-8"?>
<!-- Generated by org.testng.reporters.JUnitReportReporter -->
<testsuite hostname="Priya" failures="0" tests="2" name="TestNG1.Honda_Bike_testNG" time="24.918" errors="0" timestamp="2024-07-11T11:39:04 IST" skipped="0">
  <testcase classname="TestNG1.Honda_Bike_testNG" name="Honda" time="15.237"/>
  <testcase classname="TestNG1.Honda_Bike_testNG" name="Honda" time="9.681"/>
</testsuite> <!-- TestNG1.Honda_Bike_testNG -->
