<?xml version="1.0" encoding="UTF-8"?>
<!-- Generated by org.testng.reporters.JUnitReportReporter -->
<testsuite hostname="Priya" failures="0" tests="2" name="TestNG2.Adidas_Shoes_TestNG" time="15.228" errors="0" timestamp="2024-07-11T11:39:04 IST" skipped="0">
  <testcase classname="TestNG2.Adidas_Shoes_TestNG" name="Adidas" time="6.424"/>
  <testcase classname="TestNG2.Adidas_Shoes_TestNG" name="Adidas" time="8.804"/>
</testsuite> <!-- TestNG2.Adidas_Shoes_TestNG -->
