<?xml version="1.0" encoding="UTF-8"?>
<!-- Generated by org.testng.reporters.JUnitReportReporter -->
<testsuite hostname="Priya" failures="0" tests="2" name="Annotattion.MultipleTestCases_Order$ChronologicalAnnotation" time="0.017" errors="0" timestamp="2024-07-12T11:04:00 IST" skipped="0">
  <testcase classname="Annotattion.MultipleTestCases_Order$ChronologicalAnnotation" name="testcase2" time="0.006"/>
  <testcase classname="Annotattion.MultipleTestCases_Order$ChronologicalAnnotation" name="testcase1" time="0.011"/>
</testsuite> <!-- Annotattion.MultipleTestCases_Order$ChronologicalAnnotation -->
