<?xml version="1.0" encoding="UTF-8"?>
<!-- Generated by org.testng.reporters.JUnitReportReporter -->
<testsuite hostname="Priya" failures="0" tests="1" name="Annotattion.clickMultipleElement$ClickOnMultipleElement" time="8.037" errors="0" timestamp="2024-07-13T10:52:44 IST" skipped="0">
  <testcase classname="Annotattion.clickMultipleElement$ClickOnMultipleElement" name="elementtoClick" time="8.037"/>
</testsuite> <!-- Annotattion.clickMultipleElement$ClickOnMultipleElement -->
