<?xml version="1.0" encoding="UTF-8"?>
<!-- Generated by org.testng.reporters.JUnitReportReporter -->
<testsuite hostname="Priya" failures="0" tests="1" name="Annotattion.clickMultipleElement" time="7.449" errors="0" timestamp="2024-07-13T11:15:48 IST" skipped="0">
  <testcase classname="Annotattion.clickMultipleElement" name="elementtoClick" time="7.449"/>
</testsuite> <!-- Annotattion.clickMultipleElement -->
