<?xml version="1.0" encoding="UTF-8"?>
<!-- Generated by org.testng.reporters.JUnitReportReporter -->
<testsuite hostname="Priya" failures="0" tests="1" name="Annotattion.ChronologicalAnnotation" time="0.008" errors="0" timestamp="2024-07-12T10:46:04 IST" skipped="0">
  <testcase classname="Annotattion.ChronologicalAnnotation" name="testcase" time="0.008"/>
</testsuite> <!-- Annotattion.ChronologicalAnnotation -->
