<?xml version="1.0" encoding="UTF-8"?>
<!-- Generated by org.testng.reporters.JUnitReportReporter -->
<testsuite hostname="Priya" failures="0" tests="2" name="TestNG2.Puma_Shoes_TestNG" time="19.057" errors="0" timestamp="2024-07-11T11:39:04 IST" skipped="0">
  <testcase classname="TestNG2.Puma_Shoes_TestNG" name="Puma" time="8.759"/>
  <testcase classname="TestNG2.Puma_Shoes_TestNG" name="Puma" time="10.298"/>
</testsuite> <!-- TestNG2.Puma_Shoes_TestNG -->
