<?xml version="1.0" encoding="UTF-8"?>
<!-- Generated by org.testng.reporters.JUnitReportReporter -->
<testsuite hostname="Priya" failures="0" tests="2" name="DataProvider_Annotation.Login_Annotation$StoreData" time="19.285" errors="0" timestamp="2024-07-15T11:08:41 IST" skipped="0">
  <testcase classname="DataProvider_Annotation.Login_Annotation$StoreData" name="receiver" time="11.312"/>
  <testcase classname="DataProvider_Annotation.Login_Annotation$StoreData" name="receiver" time="7.973"/>
</testsuite> <!-- DataProvider_Annotation.Login_Annotation$StoreData -->
