<?xml version="1.0" encoding="UTF-8"?>
<!-- Generated by org.testng.reporters.JUnitReportReporter -->
<testsuite hostname="Priya" failures="0" tests="2" name="DataProvider_Annotation.StoreData" time="0.009" errors="0" timestamp="2024-07-15T10:56:43 IST" skipped="0">
  <testcase classname="DataProvider_Annotation.StoreData" name="receiver" time="0.001"/>
  <testcase classname="DataProvider_Annotation.StoreData" name="receiver" time="0.008"/>
</testsuite> <!-- DataProvider_Annotation.StoreData -->
