<?xml version="1.0" encoding="UTF-8"?>
<!-- Generated by org.testng.reporters.JUnitReportReporter -->
<testsuite hostname="Priya" failures="0" tests="8" name="TestNG.MultipleTestCase" time="168.412" errors="0" timestamp="2024-07-09T11:43:54 IST" skipped="0">
  <testcase classname="TestNG.MultipleTestCase" name="rcb" time="41.707"/>
  <testcase classname="TestNG.MultipleTestCase" name="rcb" time="41.234"/>
  <testcase classname="TestNG.MultipleTestCase" name="rcb" time="9.845"/>
  <testcase classname="TestNG.MultipleTestCase" name="rcb" time="42.274"/>
  <testcase classname="TestNG.MultipleTestCase" name="dws" time="8.566"/>
  <testcase classname="TestNG.MultipleTestCase" name="dws" time="8.656"/>
  <testcase classname="TestNG.MultipleTestCase" name="csk" time="4.874"/>
  <testcase classname="TestNG.MultipleTestCase" name="csk" time="11.256"/>
</testsuite> <!-- TestNG.MultipleTestCase -->
