<?xml version="1.0" encoding="UTF-8"?>
<!-- Generated by org.testng.reporters.JUnitReportReporter -->
<testsuite hostname="Priya" failures="0" tests="2" name="Extent_Report.CreatingDependicies" time="7.418" errors="0" timestamp="2024-07-29T12:08:41 IST" skipped="0">
  <testcase classname="Extent_Report.CreatingDependicies" name="deleteAccount" time="3.171">
    <system-out>
      <![CDATA[Account is deleted........]]>
    </system-out>
  </testcase> <!-- deleteAccount -->
  <testcase classname="Extent_Report.CreatingDependicies" name="createAccount" time="4.247">
    <system-out>
      <![CDATA[Account is created......]]>
    </system-out>
  </testcase> <!-- createAccount -->
  <system-out>
    <![CDATA[Account is created......
Account is deleted........]]>
  </system-out>
</testsuite> <!-- Extent_Report.CreatingDependicies -->
