<?xml version="1.0" encoding="UTF-8"?>
<!-- Generated by org.testng.reporters.JUnitReportReporter -->
<testsuite hostname="Priya" failures="0" tests="1" name="Extent_Report.SampleReport" time="0.558" errors="0" timestamp="2024-07-29T11:03:04 IST" skipped="0">
  <testcase classname="Extent_Report.SampleReport" name="BasicReport" time="0.558"/>
</testsuite> <!-- Extent_Report.SampleReport -->
