<?xml version="1.0" encoding="UTF-8"?>
<!-- Generated by org.testng.reporters.JUnitReportReporter -->
<testsuite hostname="Priya" failures="0" tests="1" name="TestNG.Launch" time="0.017" errors="0" timestamp="2024-07-09T01:15:35 IST" skipped="0">
  <testcase classname="TestNG.Launch" name="main" time="0.017"/>
</testsuite> <!-- TestNG.Launch -->
