<?xml version="1.0" encoding="UTF-8"?>
<!-- Generated by org.testng.reporters.JUnitReportReporter -->
<testsuite hostname="Priya" failures="0" tests="2" name="TestNG2.Woodland_Shoes_TestNg" time="17.327" errors="0" timestamp="2024-07-11T11:39:04 IST" skipped="0">
  <testcase classname="TestNG2.Woodland_Shoes_TestNg" name="Woodland" time="7.375"/>
  <testcase classname="TestNG2.Woodland_Shoes_TestNg" name="Woodland" time="9.952"/>
</testsuite> <!-- TestNG2.Woodland_Shoes_TestNg -->
