<?xml version="1.0" encoding="UTF-8"?>
<!-- Generated by org.testng.reporters.JUnitReportReporter -->
<testsuite hostname="Priya" failures="0" tests="2" name="TestNG1.Suzuki_Bike_TestNG" time="11.695" errors="0" timestamp="2024-07-11T11:39:04 IST" skipped="0">
  <testcase classname="TestNG1.Suzuki_Bike_TestNG" name="Suzuki" time="7.962"/>
  <testcase classname="TestNG1.Suzuki_Bike_TestNG" name="Suzuki" time="3.733"/>
</testsuite> <!-- TestNG1.Suzuki_Bike_TestNG -->
