<?xml version="1.0" encoding="UTF-8"?>
<!-- Generated by org.testng.reporters.JUnitReportReporter -->
<testsuite hostname="Priya" failures="0" tests="2" name="TestNG1.Yamaha_Bike_TestNG" time="15.732" errors="0" timestamp="2024-07-11T11:39:04 IST" skipped="0">
  <testcase classname="TestNG1.Yamaha_Bike_TestNG" name="Yamaha" time="10.759"/>
  <testcase classname="TestNG1.Yamaha_Bike_TestNG" name="Yamaha" time="4.973"/>
</testsuite> <!-- TestNG1.Yamaha_Bike_TestNG -->
