<?xml version="1.0" encoding="UTF-8"?>
<!-- Generated by org.testng.reporters.JUnitReportReporter -->
<testsuite hostname="Priya" failures="0" tests="1" name="IRetryAnalyzer.NetworkFailure" time="7.071" errors="0" timestamp="2024-07-20T11:30:53 IST" skipped="0">
  <testcase classname="IRetryAnalyzer.NetworkFailure" name="executeOneMoreTime" time="7.071"/>
</testsuite> <!-- IRetryAnalyzer.NetworkFailure -->
