<?xml version="1.0" encoding="UTF-8"?>
<!-- Generated by org.testng.reporters.JUnitReportReporter -->
<testsuite hostname="Priya" failures="0" tests="2" name="TestNG2.Bata_Shoes_TestNg" time="25.774" errors="0" timestamp="2024-07-11T11:39:04 IST" skipped="0">
  <testcase classname="TestNG2.Bata_Shoes_TestNg" name="Bata" time="13.063"/>
  <testcase classname="TestNG2.Bata_Shoes_TestNg" name="Bata" time="12.711"/>
</testsuite> <!-- TestNG2.Bata_Shoes_TestNg -->
