<?xml version="1.0" encoding="UTF-8"?>
<!-- Generated by org.testng.reporters.JUnitReportReporter -->
<testsuite hostname="Priya" failures="0" tests="2" name="DataProvider_Annotation.DWS_Login_DataProviderannotation$StoreData" time="21.891" errors="0" timestamp="2024-07-15T11:34:39 IST" skipped="0">
  <testcase classname="DataProvider_Annotation.DWS_Login_DataProviderannotation$StoreData" name="receiver" time="9.826"/>
  <testcase classname="DataProvider_Annotation.DWS_Login_DataProviderannotation$StoreData" name="receiver" time="12.065"/>
</testsuite> <!-- DataProvider_Annotation.DWS_Login_DataProviderannotation$StoreData -->
