<?xml version="1.0" encoding="UTF-8"?>
<!-- Generated by org.testng.reporters.JUnitReportReporter -->
<testsuite hostname="Priya" failures="0" tests="2" name="TestNG1.TVS_Bike_TestNG" time="15.748" errors="0" timestamp="2024-07-11T11:39:04 IST" skipped="0">
  <testcase classname="TestNG1.TVS_Bike_TestNG" name="TVS" time="11.509"/>
  <testcase classname="TestNG1.TVS_Bike_TestNG" name="TVS" time="4.239"/>
</testsuite> <!-- TestNG1.TVS_Bike_TestNG -->
